mode: set
github.com/jhonyzam/curso_golang/aula_8/products/pkg/env/env.go:10.62,12.42 2 0
github.com/jhonyzam/curso_golang/aula_8/products/pkg/env/env.go:16.2,16.14 1 0
github.com/jhonyzam/curso_golang/aula_8/products/pkg/env/env.go:12.42,14.3 1 0
github.com/jhonyzam/curso_golang/aula_8/products/pkg/env/env.go:20.50,21.51 1 0
github.com/jhonyzam/curso_golang/aula_8/products/pkg/env/env.go:26.2,26.21 1 0
github.com/jhonyzam/curso_golang/aula_8/products/pkg/env/env.go:21.51,22.55 1 0
github.com/jhonyzam/curso_golang/aula_8/products/pkg/env/env.go:22.55,24.4 1 0
github.com/jhonyzam/curso_golang/aula_8/products/pkg/env/env.go:30.42,31.36 1 0
github.com/jhonyzam/curso_golang/aula_8/products/pkg/env/env.go:31.36,32.30 1 0
github.com/jhonyzam/curso_golang/aula_8/products/pkg/env/env.go:36.3,36.59 1 0
github.com/jhonyzam/curso_golang/aula_8/products/pkg/env/env.go:32.30,34.4 1 0
github.com/jhonyzam/curso_golang/aula_8/products/pkg/http_client/http_client.go:13.56,28.2 1 1
github.com/jhonyzam/curso_golang/aula_8/products/pkg/http_client/http_client_mock.go:21.63,22.21 1 0
github.com/jhonyzam/curso_golang/aula_8/products/pkg/http_client/http_client_mock.go:31.2,35.21 4 0
github.com/jhonyzam/curso_golang/aula_8/products/pkg/http_client/http_client_mock.go:39.2,45.8 2 0
github.com/jhonyzam/curso_golang/aula_8/products/pkg/http_client/http_client_mock.go:22.21,24.17 2 0
github.com/jhonyzam/curso_golang/aula_8/products/pkg/http_client/http_client_mock.go:28.3,28.32 1 0
github.com/jhonyzam/curso_golang/aula_8/products/pkg/http_client/http_client_mock.go:24.17,26.4 1 0
github.com/jhonyzam/curso_golang/aula_8/products/pkg/http_client/http_client_mock.go:35.21,37.3 1 0
github.com/jhonyzam/curso_golang/aula_8/products/pkg/http_client/http_client_mock.go:48.46,51.2 2 0
github.com/jhonyzam/curso_golang/aula_8/products/pkg/http_client/http_client_mock.go:53.41,56.2 2 0
github.com/jhonyzam/curso_golang/aula_8/products/pkg/http_client/http_client_mock.go:58.38,61.2 2 0
github.com/jhonyzam/curso_golang/aula_8/products/pkg/http_client/http_client_mock.go:67.44,69.2 1 0
github.com/jhonyzam/curso_golang/aula_8/products/pkg/http_client/http_client_mock.go:71.68,74.9 2 0
github.com/jhonyzam/curso_golang/aula_8/products/pkg/http_client/http_client_mock.go:78.2,80.13 3 0
github.com/jhonyzam/curso_golang/aula_8/products/pkg/http_client/http_client_mock.go:74.9,77.3 2 0
github.com/jhonyzam/curso_golang/aula_8/products/pkg/http_client/http_client_mock.go:83.53,85.2 1 0
github.com/jhonyzam/curso_golang/aula_8/products/pkg/http_client/http_client_mock.go:87.53,89.2 1 0
github.com/jhonyzam/curso_golang/aula_8/products/pkg/http_client/http_client_mock.go:91.54,93.2 1 0
github.com/jhonyzam/curso_golang/aula_8/products/pkg/http_client/http_client_mock.go:95.77,100.9 4 0
github.com/jhonyzam/curso_golang/aula_8/products/pkg/http_client/http_client_mock.go:103.2,104.9 2 0
github.com/jhonyzam/curso_golang/aula_8/products/pkg/http_client/http_client_mock.go:108.2,108.25 1 0
github.com/jhonyzam/curso_golang/aula_8/products/pkg/http_client/http_client_mock.go:100.9,102.3 1 0
github.com/jhonyzam/curso_golang/aula_8/products/pkg/http_client/http_client_mock.go:104.9,106.3 1 0
github.com/jhonyzam/curso_golang/aula_8/products/domain/product/product.go:11.64,15.2 1 1
github.com/jhonyzam/curso_golang/aula_8/products/domain/product/product.go:17.76,19.2 1 1
github.com/jhonyzam/curso_golang/aula_8/products/domain/product/product.go:21.63,22.20 1 1
github.com/jhonyzam/curso_golang/aula_8/products/domain/product/product.go:25.2,25.45 1 1
github.com/jhonyzam/curso_golang/aula_8/products/domain/product/product.go:22.20,24.3 1 1
github.com/jhonyzam/curso_golang/aula_8/products/domain/product/product.go:28.57,30.2 1 1
github.com/jhonyzam/curso_golang/aula_8/products/domain/product/product.go:32.47,34.2 1 1
github.com/jhonyzam/curso_golang/aula_8/products/domain/product/product.go:36.55,38.2 1 1
github.com/jhonyzam/curso_golang/aula_8/products/domain/product/product_mock.go:21.81,24.2 2 0
github.com/jhonyzam/curso_golang/aula_8/products/domain/product/product_mock.go:26.68,29.2 2 0
github.com/jhonyzam/curso_golang/aula_8/products/domain/product/product_mock.go:31.62,34.2 2 0
github.com/jhonyzam/curso_golang/aula_8/products/domain/product/product_mock.go:36.52,39.2 2 0
github.com/jhonyzam/curso_golang/aula_8/products/domain/product/product_mock.go:41.62,44.2 2 0
github.com/jhonyzam/curso_golang/aula_8/products/domain/product/product_mock.go:58.81,61.2 2 1
github.com/jhonyzam/curso_golang/aula_8/products/domain/product/product_mock.go:63.73,66.2 2 1
github.com/jhonyzam/curso_golang/aula_8/products/domain/product/product_mock.go:68.62,71.2 2 1
github.com/jhonyzam/curso_golang/aula_8/products/domain/product/product_mock.go:73.52,76.2 2 1
github.com/jhonyzam/curso_golang/aula_8/products/internal/infrastructure/storage/postgres/postgres.go:11.57,14.16 2 1
github.com/jhonyzam/curso_golang/aula_8/products/internal/infrastructure/storage/postgres/postgres.go:18.2,18.16 1 1
github.com/jhonyzam/curso_golang/aula_8/products/internal/infrastructure/storage/postgres/postgres.go:14.16,17.3 2 0
github.com/jhonyzam/curso_golang/aula_8/products/internal/infrastructure/storage/postgres/product.go:13.52,17.2 1 1
github.com/jhonyzam/curso_golang/aula_8/products/internal/infrastructure/storage/postgres/product.go:19.84,24.16 2 1
github.com/jhonyzam/curso_golang/aula_8/products/internal/infrastructure/storage/postgres/product.go:28.2,28.21 1 1
github.com/jhonyzam/curso_golang/aula_8/products/internal/infrastructure/storage/postgres/product.go:24.16,27.3 2 0
github.com/jhonyzam/curso_golang/aula_8/products/internal/infrastructure/storage/postgres/product.go:31.76,38.16 3 1
github.com/jhonyzam/curso_golang/aula_8/products/internal/infrastructure/storage/postgres/product.go:42.2,42.22 1 1
github.com/jhonyzam/curso_golang/aula_8/products/internal/infrastructure/storage/postgres/product.go:38.16,41.3 2 1
github.com/jhonyzam/curso_golang/aula_8/products/internal/infrastructure/storage/postgres/product.go:45.65,50.16 2 1
github.com/jhonyzam/curso_golang/aula_8/products/internal/infrastructure/storage/postgres/product.go:54.2,54.12 1 1
github.com/jhonyzam/curso_golang/aula_8/products/internal/infrastructure/storage/postgres/product.go:50.16,52.3 1 0
github.com/jhonyzam/curso_golang/aula_8/products/internal/infrastructure/storage/postgres/product.go:57.55,62.16 2 1
github.com/jhonyzam/curso_golang/aula_8/products/internal/infrastructure/storage/postgres/product.go:66.2,66.12 1 1
github.com/jhonyzam/curso_golang/aula_8/products/internal/infrastructure/storage/postgres/product.go:62.16,64.3 1 0
github.com/jhonyzam/curso_golang/aula_8/products/internal/infrastructure/server/http/handler.go:14.68,30.2 9 1
github.com/jhonyzam/curso_golang/aula_8/products/internal/infrastructure/server/http/product.go:10.47,12.45 2 1
github.com/jhonyzam/curso_golang/aula_8/products/internal/infrastructure/server/http/product.go:16.2,16.40 1 1
github.com/jhonyzam/curso_golang/aula_8/products/internal/infrastructure/server/http/product.go:21.2,22.16 2 1
github.com/jhonyzam/curso_golang/aula_8/products/internal/infrastructure/server/http/product.go:27.2,27.37 1 1
github.com/jhonyzam/curso_golang/aula_8/products/internal/infrastructure/server/http/product.go:12.45,14.3 1 0
github.com/jhonyzam/curso_golang/aula_8/products/internal/infrastructure/server/http/product.go:16.40,19.3 2 1
github.com/jhonyzam/curso_golang/aula_8/products/internal/infrastructure/server/http/product.go:22.16,25.3 2 0
github.com/jhonyzam/curso_golang/aula_8/products/internal/infrastructure/server/http/product.go:30.46,32.16 2 1
github.com/jhonyzam/curso_golang/aula_8/products/internal/infrastructure/server/http/product.go:35.2,36.16 2 1
github.com/jhonyzam/curso_golang/aula_8/products/internal/infrastructure/server/http/product.go:41.2,41.32 1 1
github.com/jhonyzam/curso_golang/aula_8/products/internal/infrastructure/server/http/product.go:32.16,34.3 1 0
github.com/jhonyzam/curso_golang/aula_8/products/internal/infrastructure/server/http/product.go:36.16,39.3 2 1
github.com/jhonyzam/curso_golang/aula_8/products/internal/infrastructure/server/http/product.go:44.49,46.45 2 1
github.com/jhonyzam/curso_golang/aula_8/products/internal/infrastructure/server/http/product.go:50.2,52.40 2 1
github.com/jhonyzam/curso_golang/aula_8/products/internal/infrastructure/server/http/product.go:57.2,58.16 2 1
github.com/jhonyzam/curso_golang/aula_8/products/internal/infrastructure/server/http/product.go:63.2,63.39 1 1
github.com/jhonyzam/curso_golang/aula_8/products/internal/infrastructure/server/http/product.go:46.45,48.3 1 0
github.com/jhonyzam/curso_golang/aula_8/products/internal/infrastructure/server/http/product.go:52.40,55.3 2 0
github.com/jhonyzam/curso_golang/aula_8/products/internal/infrastructure/server/http/product.go:58.16,61.3 2 0
github.com/jhonyzam/curso_golang/aula_8/products/internal/infrastructure/server/http/product.go:66.49,68.16 2 1
github.com/jhonyzam/curso_golang/aula_8/products/internal/infrastructure/server/http/product.go:72.2,72.59 1 1
github.com/jhonyzam/curso_golang/aula_8/products/internal/infrastructure/server/http/product.go:77.2,77.41 1 1
github.com/jhonyzam/curso_golang/aula_8/products/internal/infrastructure/server/http/product.go:68.16,70.3 1 0
github.com/jhonyzam/curso_golang/aula_8/products/internal/infrastructure/server/http/product.go:72.59,75.3 2 0
github.com/jhonyzam/curso_golang/aula_8/products/internal/infrastructure/server/http/server.go:14.53,23.2 1 0
github.com/jhonyzam/curso_golang/aula_8/products/internal/infrastructure/server/http/server.go:25.35,26.12 1 0
github.com/jhonyzam/curso_golang/aula_8/products/internal/infrastructure/server/http/server.go:26.12,28.82 2 0
github.com/jhonyzam/curso_golang/aula_8/products/internal/infrastructure/server/http/server.go:28.82,30.4 1 0
github.com/jhonyzam/curso_golang/aula_8/products/internal/infrastructure/server/http/server.go:34.29,38.78 4 0
github.com/jhonyzam/curso_golang/aula_8/products/internal/infrastructure/server/http/server.go:42.2,42.42 1 0
github.com/jhonyzam/curso_golang/aula_8/products/internal/infrastructure/server/http/server.go:38.78,41.3 2 0
